2025-10-16 13:20:37, MOVE, v:1, k:poo@roupa, mode:DOWN
2025-10-16 13:22:57, MOVE, v:1, k:poo@chinela, mode:PICK
2025-10-16 13:22:57, EXEC, v:1, k:poo@chinela, mode:LOCK, rate:100, size:16
2025-10-16 13:22:59, MOVE, v:1, k:poo@chinela, mode:BACK
2025-10-16 13:23:01, MOVE, v:1, k:poo@camisa, mode:PICK
2025-10-16 13:23:01, EXEC, v:1, k:poo@camisa, mode:LOCK, rate:0, size:24
2025-10-16 13:23:02, MOVE, v:1, k:poo@camisa, mode:BACK
2025-10-16 13:23:10, MOVE, v:1, k:poo@roupa, mode:PICK
2025-10-16 13:23:11, EXEC, v:1, k:poo@roupa, mode:FULL, rate:0, size:23
2025-10-16 13:23:13, MOVE, v:1, k:poo@roupa, mode:BACK
2025-10-16 13:23:14, MOVE, v:1, k:poo@relogio, mode:PICK
2025-10-16 13:23:15, EXEC, v:1, k:poo@relogio, mode:FULL, rate:0, size:0
2025-10-16 13:23:15, MOVE, v:1, k:poo@relogio, mode:BACK
2025-10-16 13:23:36, MOVE, v:1, k:poo@relogio, mode:PICK
2025-10-16 13:23:36, EXEC, v:1, k:poo@relogio, mode:FULL, rate:0
2025-10-16 13:23:37, MOVE, v:1, k:poo@relogio, mode:BACK
2025-10-16 13:23:38, MOVE, v:1, k:poo@roupa, mode:PICK
2025-10-16 13:23:38, EXEC, v:1, k:poo@roupa, mode:FULL, rate:0
2025-10-16 13:23:39, MOVE, v:1, k:poo@roupa, mode:BACK
2025-10-16 13:23:39, MOVE, v:1, k:poo@camisa, mode:PICK
2025-10-16 13:23:40, EXEC, v:1, k:poo@camisa, mode:LOCK, rate:0
2025-10-16 13:23:40, MOVE, v:1, k:poo@camisa, mode:BACK
2025-10-16 13:23:41, MOVE, v:1, k:poo@chinela, mode:PICK
2025-10-16 13:23:41, EXEC, v:1, k:poo@chinela, mode:LOCK, rate:100
2025-10-16 13:23:42, MOVE, v:1, k:poo@chinela, mode:BACK
