2025-10-20 15:59:13, MOVE, v:1, k:poo@relogio, mode:PICK
2025-10-20 15:59:14, EXEC, v:1, k:poo@relogio, mode:FULL, rate:0, size:57
2025-10-20 16:03:15, EXEC, v:1, k:poo@relogio, mode:FULL, rate:0, size:57
2025-10-20 16:03:21, EXEC, v:1, k:poo@relogio, mode:FULL, rate:0
2025-10-20 16:03:25, EXEC, v:1, k:poo@relogio, mode:FULL, rate:0
2025-10-20 16:03:25, EXEC, v:1, k:poo@relogio, mode:FULL, rate:0
2025-10-20 16:03:25, EXEC, v:1, k:poo@relogio, mode:FULL, rate:0
2025-10-20 16:10:13, EXEC, v:1, k:poo@relogio, mode:FULL, rate:0, size:59
2025-10-20 16:13:47, EXEC, v:1, k:poo@relogio, mode:FULL, rate:0, size:59
2025-10-20 16:15:10, EXEC, v:1, k:poo@relogio, mode:FULL, rate:0, size:59
2025-10-20 16:15:26, EXEC, v:1, k:poo@relogio, mode:FULL, rate:0
2025-10-20 16:15:27, EXEC, v:1, k:poo@relogio, mode:FULL, rate:0
2025-10-20 16:15:27, EXEC, v:1, k:poo@relogio, mode:FULL, rate:0
2025-10-20 16:15:27, EXEC, v:1, k:poo@relogio, mode:FULL, rate:0
2025-10-20 16:15:27, EXEC, v:1, k:poo@relogio, mode:FULL, rate:0
2025-10-20 16:15:28, EXEC, v:1, k:poo@relogio, mode:FULL, rate:0
2025-10-20 16:15:28, EXEC, v:1, k:poo@relogio, mode:FULL, rate:0
2025-10-20 16:15:39, EXEC, v:1, k:poo@relogio, mode:FULL, rate:0
2025-10-20 16:18:39, EXEC, v:1, k:poo@relogio, mode:FULL, rate:0
2025-10-20 16:18:40, EXEC, v:1, k:poo@relogio, mode:FULL, rate:0
2025-10-20 16:18:40, EXEC, v:1, k:poo@relogio, mode:FULL, rate:0
2025-10-20 16:18:40, EXEC, v:1, k:poo@relogio, mode:FULL, rate:0
2025-10-20 16:18:40, EXEC, v:1, k:poo@relogio, mode:FULL, rate:0
2025-10-20 16:18:40, EXEC, v:1, k:poo@relogio, mode:FULL, rate:0
2025-10-20 16:18:41, EXEC, v:1, k:poo@relogio, mode:FULL, rate:0
2025-10-20 16:18:41, EXEC, v:1, k:poo@relogio, mode:FULL, rate:0
2025-10-20 16:20:00, EXEC, v:1, k:poo@relogio, mode:FULL, rate:0
2025-10-20 16:20:01, EXEC, v:1, k:poo@relogio, mode:FULL, rate:0
2025-10-20 16:20:01, EXEC, v:1, k:poo@relogio, mode:FULL, rate:0
2025-10-20 16:21:27, EXEC, v:1, k:poo@relogio, mode:FULL, rate:0, size:59
2025-10-20 16:21:47, EXEC, v:1, k:poo@relogio, mode:FULL, rate:0, size:59
2025-10-20 16:21:47, EXEC, v:1, k:poo@relogio, mode:FULL, rate:0, size:59
2025-10-20 16:23:53, EXEC, v:1, k:poo@relogio, mode:FULL, rate:0, size:59
2025-10-20 16:23:53, EXEC, v:1, k:poo@relogio, mode:FULL, rate:0
2025-10-20 16:23:53, EXEC, v:1, k:poo@relogio, mode:FULL, rate:0
2025-10-20 16:23:54, EXEC, v:1, k:poo@relogio, mode:FULL, rate:0
2025-10-20 16:23:54, EXEC, v:1, k:poo@relogio, mode:FULL, rate:0
2025-10-20 16:23:54, EXEC, v:1, k:poo@relogio, mode:FULL, rate:0
2025-10-20 16:23:54, EXEC, v:1, k:poo@relogio, mode:FULL, rate:0
2025-10-20 16:23:54, EXEC, v:1, k:poo@relogio, mode:FULL, rate:0
2025-10-20 16:24:17, EXEC, v:1, k:poo@relogio, mode:FULL, rate:0
2025-10-20 16:24:17, EXEC, v:1, k:poo@relogio, mode:FULL, rate:0
2025-10-20 16:26:27, EXEC, v:1, k:poo@relogio, mode:FULL, rate:0, size:59
2025-10-20 16:26:28, EXEC, v:1, k:poo@relogio, mode:FULL, rate:0
2025-10-20 16:30:49, EXEC, v:1, k:poo@relogio, mode:FULL, rate:0, size:58
2025-10-20 16:31:12, EXEC, v:1, k:poo@relogio, mode:FULL, rate:0, size:58
2025-10-20 16:31:28, EXEC, v:1, k:poo@relogio, mode:FULL, rate:0
2025-10-20 16:32:37, EXEC, v:1, k:poo@relogio, mode:FULL, rate:0, size:58
2025-10-20 16:33:01, EXEC, v:1, k:poo@relogio, mode:FULL, rate:0, size:58
2025-10-20 16:33:33, EXEC, v:1, k:poo@relogio, mode:FULL, rate:0, size:58
2025-10-20 16:33:43, EXEC, v:1, k:poo@relogio, mode:FULL, rate:0, size:58
2025-10-20 16:33:53, EXEC, v:1, k:poo@relogio, mode:FULL, rate:0, size:58
2025-10-20 16:34:10, EXEC, v:1, k:poo@relogio, mode:FULL, rate:7, size:58
2025-10-20 16:34:16, EXEC, v:1, k:poo@relogio, mode:FULL, rate:7
2025-10-20 16:34:18, EXEC, v:1, k:poo@relogio, mode:FULL, rate:7
2025-10-20 16:35:01, EXEC, v:1, k:poo@relogio, mode:FULL, rate:7
2025-10-20 16:35:42, EXEC, v:1, k:poo@relogio, mode:FULL, rate:7, size:58
2025-10-20 16:36:28, EXEC, v:1, k:poo@relogio, mode:FULL, rate:7
2025-10-20 16:36:29, EXEC, v:1, k:poo@relogio, mode:FULL, rate:7
2025-10-20 16:37:42, EXEC, v:1, k:poo@relogio, mode:FULL, rate:7
2025-10-20 16:38:17, EXEC, v:1, k:poo@relogio, mode:FULL, rate:7
2025-10-20 16:38:38, EXEC, v:1, k:poo@relogio, mode:FULL, rate:7
2025-10-20 16:39:17, EXEC, v:1, k:poo@relogio, mode:FULL, rate:0, size:58
2025-10-20 16:39:34, EXEC, v:1, k:poo@relogio, mode:FULL, rate:7, size:58
2025-10-20 16:40:44, EXEC, v:1, k:poo@relogio, mode:FULL, rate:7
2025-10-20 16:42:45, EXEC, v:1, k:poo@relogio, mode:FULL, rate:7, size:58
2025-10-20 16:43:12, EXEC, v:1, k:poo@relogio, mode:FULL, rate:0, size:58
2025-10-20 16:43:22, EXEC, v:1, k:poo@relogio, mode:FULL, rate:7, size:58
2025-10-20 16:44:36, MOVE, v:1, k:poo@relogio, mode:BACK
2025-10-20 21:04:06, MOVE, v:1, k:poo@relogio, mode:PICK
2025-10-20 21:04:07, EXEC, v:1, k:poo@relogio, mode:FULL, rate:0, size:61
2025-10-20 21:04:11, EXEC, v:1, k:poo@relogio, mode:FULL, rate:0
2025-10-20 21:04:12, EXEC, v:1, k:poo@relogio, mode:FULL, rate:0
2025-10-20 21:04:12, EXEC, v:1, k:poo@relogio, mode:FULL, rate:0
2025-10-20 21:05:41, EXEC, v:1, k:poo@relogio, mode:FULL, rate:7, size:61
2025-10-20 21:08:05, EXEC, v:1, k:poo@relogio, mode:FULL, rate:0, size:61
2025-10-20 21:09:54, EXEC, v:1, k:poo@relogio, mode:FULL, rate:0, size:61
2025-10-20 21:11:37, EXEC, v:1, k:poo@relogio, mode:FULL, rate:84, size:64
2025-10-20 21:11:51, EXEC, v:1, k:poo@relogio, mode:FULL, rate:84
2025-10-20 21:15:23, EXEC, v:1, k:poo@relogio, mode:FULL, rate:84, size:65
2025-10-20 21:16:24, EXEC, v:1, k:poo@relogio, mode:FULL, rate:84, size:63
2025-10-20 21:19:14, EXEC, v:1, k:poo@relogio, mode:FULL, rate:84, size:64
2025-10-20 21:19:33, EXEC, v:1, k:poo@relogio, mode:FULL, rate:84, size:63
2025-10-20 21:20:25, EXEC, v:1, k:poo@relogio, mode:FULL, rate:84, size:63
2025-10-20 21:21:30, EXEC, v:1, k:poo@relogio, mode:FULL, rate:100, size:63
2025-10-20 21:21:39, EXEC, v:1, k:poo@relogio, mode:FULL, rate:100
2025-10-20 21:21:43, EXEC, v:1, k:poo@relogio, mode:FULL, rate:100
2025-10-20 21:22:53, EXEC, v:1, k:poo@relogio, mode:FULL, rate:100
2025-10-20 21:23:04, MOVE, v:1, k:poo@relogio, mode:BACK
2025-10-20 21:24:23, SELF, v:1, k:poo@relogio, rate:100, human:sim_monitor, other:sim, alone:9, study:400
